<?xml version="1.0" encoding="UTF-8"?>
<testng-results ignored="0" total="1" passed="1" failed="0" skipped="0">
  <reporter-output>
  </reporter-output>
  <suite started-at="2020-11-07T17:57:27Z" name="Default suite" finished-at="2020-11-07T17:57:27Z" duration-ms="52">
    <groups>
    </groups>
    <test started-at="2020-11-07T17:57:27Z" name="Default test" finished-at="2020-11-07T17:57:27Z" duration-ms="52">
      <class name="Test.TestNGE">
        <test-method signature="f()[pri:0, instance:Test.TestNGE@f736069]" started-at="2020-11-07T12:57:27Z" name="f" finished-at="2020-11-07T12:57:27Z" duration-ms="18" status="PASS">
          <reporter-output>
          </reporter-output>
        </test-method> <!-- f -->
      </class> <!-- Test.TestNGE -->
    </test> <!-- Default test -->
  </suite> <!-- Default suite -->
</testng-results>
