<?xml version="1.0" encoding="UTF-8"?>
<testng-results ignored="0" total="1" passed="1" failed="0" skipped="0">
  <reporter-output>
  </reporter-output>
  <suite started-at="2020-12-12T16:08:55Z" name="Default suite" finished-at="2020-12-12T16:09:00Z" duration-ms="5362">
    <groups>
    </groups>
    <test started-at="2020-12-12T16:08:55Z" name="Default test" finished-at="2020-12-12T16:09:00Z" duration-ms="5362">
      <class name="loginTest.TC_01_CorrectLogin">
        <test-method is-config="true" signature="startWebDriver()[pri:0, instance:loginTest.TC_01_CorrectLogin@5ad10c1a]" started-at="2020-12-12T11:08:55Z" name="startWebDriver" finished-at="2020-12-12T11:08:57Z" duration-ms="2405" status="PASS">
          <reporter-output>
          </reporter-output>
        </test-method> <!-- startWebDriver -->
        <test-method signature="TC_01()[pri:0, instance:loginTest.TC_01_CorrectLogin@5ad10c1a]" started-at="2020-12-12T11:08:57Z" name="TC_01" finished-at="2020-12-12T11:08:59Z" duration-ms="2220" status="PASS">
          <reporter-output>
          </reporter-output>
        </test-method> <!-- TC_01 -->
        <test-method is-config="true" signature="closeDriver()[pri:0, instance:loginTest.TC_01_CorrectLogin@5ad10c1a]" started-at="2020-12-12T11:08:59Z" name="closeDriver" finished-at="2020-12-12T11:09:00Z" duration-ms="718" status="PASS">
          <reporter-output>
          </reporter-output>
        </test-method> <!-- closeDriver -->
      </class> <!-- loginTest.TC_01_CorrectLogin -->
    </test> <!-- Default test -->
  </suite> <!-- Default suite -->
</testng-results>
